-encoding
UTF-8
-outxml
-source
1.6
-target
1.6
-classpath
C:\Users\Developer\.m2\repository\antlr\antlr\2.7.7\antlr-2.7.7.jar;C:\Users\Developer\.m2\repository\aopalliance\aopalliance\1.0\aopalliance-1.0.jar;C:\Users\Developer\.m2\repository\cglib\cglib-nodep\2.2.2\cglib-nodep-2.2.2.jar;C:\Users\Developer\.m2\repository\commons-beanutils\commons-beanutils\1.8.3\commons-beanutils-1.8.3.jar;C:\Users\Developer\.m2\repository\commons-codec\commons-codec\1.5\commons-codec-1.5.jar;C:\Users\Developer\.m2\repository\commons-collections\commons-collections\3.2.1\commons-collections-3.2.1.jar;C:\Users\Developer\.m2\repository\commons-dbcp\commons-dbcp\1.3\commons-dbcp-1.3.jar;C:\Users\Developer\.m2\repository\commons-digester\commons-digester\2.1\commons-digester-2.1.jar;C:\Users\Developer\.m2\repository\commons-fileupload\commons-fileupload\1.2.2\commons-fileupload-1.2.2.jar;C:\Users\Developer\.m2\repository\commons-io\commons-io\2.1\commons-io-2.1.jar;C:\Users\Developer\.m2\repository\commons-pool\commons-pool\1.5.6\commons-pool-1.5.6.jar;C:\Users\Developer\.m2\repository\dom4j\dom4j\1.6.1\dom4j-1.6.1.jar;C:\Users\Developer\.m2\repository\javax\el\el-api\2.2\el-api-2.2.jar;C:\Users\Developer\.m2\repository\javax\servlet\servlet-api\2.5\servlet-api-2.5.jar;C:\Users\Developer\.m2\repository\javax\servlet\jsp\jsp-api\2.1\jsp-api-2.1.jar;C:\Users\Developer\.m2\repository\javax\servlet\jsp\jstl\jstl-api\1.2\jstl-api-1.2.jar;C:\Users\Developer\.m2\repository\javax\transaction\jta\1.1\jta-1.1.jar;C:\Users\Developer\.m2\repository\javax\validation\validation-api\1.0.0.GA\validation-api-1.0.0.GA.jar;C:\Users\Developer\.m2\repository\joda-time\joda-time\1.6\joda-time-1.6.jar;C:\Users\Developer\.m2\repository\junit\junit\4.10\junit-4.10.jar;C:\Users\Developer\.m2\repository\log4j\log4j\1.2.16\log4j-1.2.16.jar;C:\Users\Developer\.m2\repository\mysql\mysql-connector-java\5.1.18\mysql-connector-java-5.1.18.jar;C:\Users\Developer\.m2\repository\net\sf\flexjson\flexjson\2.1\flexjson-2.1.jar;C:\Users\Developer\.m2\repository\org\apache\commons\commons-lang3\3.1\commons-lang3-3.1.jar;C:\Users\Developer\.m2\repository\org\apache\tiles\tiles-api\2.2.2\tiles-api-2.2.2.jar;C:\Users\Developer\.m2\repository\org\apache\tiles\tiles-core\2.2.2\tiles-core-2.2.2.jar;C:\Users\Developer\.m2\repository\org\apache\tiles\tiles-jsp\2.2.2\tiles-jsp-2.2.2.jar;C:\Users\Developer\.m2\repository\org\apache\tiles\tiles-servlet\2.2.2\tiles-servlet-2.2.2.jar;C:\Users\Developer\.m2\repository\org\apache\tiles\tiles-template\2.2.2\tiles-template-2.2.2.jar;C:\Users\Developer\.m2\repository\org\aspectj\aspectjrt\1.7.0\aspectjrt-1.7.0.jar;C:\Users\Developer\.m2\repository\org\aspectj\aspectjweaver\1.7.0\aspectjweaver-1.7.0.jar;C:\Users\Developer\.m2\repository\org\glassfish\web\jstl-impl\1.2\jstl-impl-1.2.jar;C:\Users\Developer\.m2\repository\org\hibernate\hibernate-core\4.1.8.Final\hibernate-core-4.1.8.Final.jar;C:\Users\Developer\.m2\repository\org\hibernate\hibernate-entitymanager\4.1.8.Final\hibernate-entitymanager-4.1.8.Final.jar;C:\Users\Developer\.m2\repository\org\hibernate\hibernate-validator\4.3.1.Final\hibernate-validator-4.3.1.Final.jar;C:\Users\Developer\.m2\repository\org\hibernate\common\hibernate-commons-annotations\4.0.1.Final\hibernate-commons-annotations-4.0.1.Final.jar;C:\Users\Developer\.m2\repository\org\hibernate\javax\persistence\hibernate-jpa-2.0-api\1.0.1.Final\hibernate-jpa-2.0-api-1.0.1.Final.jar;C:\Users\Developer\.m2\repository\org\javassist\javassist\3.15.0-GA\javassist-3.15.0-GA.jar;C:\Users\Developer\.m2\repository\org\jboss\logging\jboss-logging\3.1.0.GA\jboss-logging-3.1.0.GA.jar;C:\Users\Developer\.m2\repository\org\jboss\spec\javax\transaction\jboss-transaction-api_1.1_spec\1.0.0.Final\jboss-transaction-api_1.1_spec-1.0.0.Final.jar;C:\Users\Developer\.m2\repository\org\slf4j\jcl-over-slf4j\1.7.2\jcl-over-slf4j-1.7.2.jar;C:\Users\Developer\.m2\repository\org\slf4j\slf4j-api\1.7.2\slf4j-api-1.7.2.jar;C:\Users\Developer\.m2\repository\org\slf4j\slf4j-log4j12\1.7.2\slf4j-log4j12-1.7.2.jar;C:\Users\Developer\.m2\repository\org\springframework\spring-aop\3.2.0.RELEASE\spring-aop-3.2.0.RELEASE.jar;C:\Users\Developer\.m2\repository\org\springframework\spring-aspects\3.2.0.RELEASE\spring-aspects-3.2.0.RELEASE.jar;C:\Users\Developer\.m2\repository\org\springframework\spring-beans\3.2.0.RELEASE\spring-beans-3.2.0.RELEASE.jar;C:\Users\Developer\.m2\repository\org\springframework\spring-context\3.2.0.RELEASE\spring-context-3.2.0.RELEASE.jar;C:\Users\Developer\.m2\repository\org\springframework\spring-context-support\3.2.0.RELEASE\spring-context-support-3.2.0.RELEASE.jar;C:\Users\Developer\.m2\repository\org\springframework\spring-core\3.2.0.RELEASE\spring-core-3.2.0.RELEASE.jar;C:\Users\Developer\.m2\repository\org\springframework\spring-expression\3.2.0.RELEASE\spring-expression-3.2.0.RELEASE.jar;C:\Users\Developer\.m2\repository\org\springframework\spring-jdbc\3.2.0.RELEASE\spring-jdbc-3.2.0.RELEASE.jar;C:\Users\Developer\.m2\repository\org\springframework\spring-orm\3.2.0.RELEASE\spring-orm-3.2.0.RELEASE.jar;C:\Users\Developer\.m2\repository\org\springframework\spring-test\3.2.0.RELEASE\spring-test-3.2.0.RELEASE.jar;C:\Users\Developer\.m2\repository\org\springframework\spring-tx\3.2.0.RELEASE\spring-tx-3.2.0.RELEASE.jar;C:\Users\Developer\.m2\repository\org\springframework\spring-web\3.2.0.RELEASE\spring-web-3.2.0.RELEASE.jar;C:\Users\Developer\.m2\repository\org\springframework\spring-webmvc\3.2.0.RELEASE\spring-webmvc-3.2.0.RELEASE.jar;C:\Users\Developer\.m2\repository\org\springframework\roo\org.springframework.roo.annotations\1.2.3.RELEASE\org.springframework.roo.annotations-1.2.3.RELEASE.jar;C:\Users\Developer\.m2\repository\org\springframework\webflow\spring-js-resources\2.2.1.RELEASE\spring-js-resources-2.2.1.RELEASE.jar;C:\Users\Developer\workspace\Java\Bookface\bookface\target\classes
-aspectpath
C:\Users\Developer\.m2\repository\org\springframework\spring-aspects\3.2.0.RELEASE\spring-aspects-3.2.0.RELEASE.jar
-d
C:\Users\Developer\workspace\Java\Bookface\bookface\target\classes
C:\Users\Developer\workspace\Java\Bookface\bookface\src\main\java\uk\ac\bbk\bookface\domain\Book.java
C:\Users\Developer\workspace\Java\Bookface\bookface\src\main\java\uk\ac\bbk\bookface\domain\Person_Roo_Jpa_ActiveRecord.aj
C:\Users\Developer\workspace\Java\Bookface\bookface\src\main\java\uk\ac\bbk\bookface\domain\Book_Roo_Jpa_Entity.aj
C:\Users\Developer\workspace\Java\Bookface\bookface\src\main\java\uk\ac\bbk\bookface\web\BookController.java
C:\Users\Developer\workspace\Java\Bookface\bookface\src\main\java\uk\ac\bbk\bookface\web\AuthorController_Roo_Controller.aj
C:\Users\Developer\workspace\Java\Bookface\bookface\src\main\java\uk\ac\bbk\bookface\domain\Author.java
C:\Users\Developer\workspace\Java\Bookface\bookface\src\main\java\uk\ac\bbk\bookface\web\ApplicationConversionServiceFactoryBean.java
C:\Users\Developer\workspace\Java\Bookface\bookface\src\main\java\uk\ac\bbk\bookface\domain\Comments_Roo_Jpa_Entity.aj
C:\Users\Developer\workspace\Java\Bookface\bookface\src\main\java\uk\ac\bbk\bookface\domain\Book_Roo_JavaBean.aj
C:\Users\Developer\workspace\Java\Bookface\bookface\src\main\java\uk\ac\bbk\bookface\domain\Book_Roo_ToString.aj
C:\Users\Developer\workspace\Java\Bookface\bookface\src\main\java\uk\ac\bbk\bookface\web\PersonController_Roo_Controller.aj
C:\Users\Developer\workspace\Java\Bookface\bookface\src\main\java\uk\ac\bbk\bookface\domain\Author_Roo_Jpa_Entity.aj
C:\Users\Developer\workspace\Java\Bookface\bookface\src\main\java\uk\ac\bbk\bookface\web\BookController_Roo_Controller.aj
C:\Users\Developer\workspace\Java\Bookface\bookface\src\main\java\uk\ac\bbk\bookface\domain\Person.java
C:\Users\Developer\workspace\Java\Bookface\bookface\src\main\java\uk\ac\bbk\bookface\web\FavouritesController.java
C:\Users\Developer\workspace\Java\Bookface\bookface\src\main\java\uk\ac\bbk\bookface\domain\Book_Roo_Jpa_ActiveRecord.aj
C:\Users\Developer\workspace\Java\Bookface\bookface\src\main\java\uk\ac\bbk\bookface\domain\Favourites.java
C:\Users\Developer\workspace\Java\Bookface\bookface\src\main\java\uk\ac\bbk\bookface\web\PersonController.java
C:\Users\Developer\workspace\Java\Bookface\bookface\src\main\java\uk\ac\bbk\bookface\domain\Author_Roo_ToString.aj
C:\Users\Developer\workspace\Java\Bookface\bookface\src\main\java\uk\ac\bbk\bookface\domain\Favourites_Roo_ToString.aj
C:\Users\Developer\workspace\Java\Bookface\bookface\src\main\java\uk\ac\bbk\bookface\domain\Comments_Roo_JavaBean.aj
C:\Users\Developer\workspace\Java\Bookface\bookface\src\main\java\uk\ac\bbk\bookface\domain\Person_Roo_ToString.aj
C:\Users\Developer\workspace\Java\Bookface\bookface\src\main\java\uk\ac\bbk\bookface\domain\Favourites_Roo_Configurable.aj
C:\Users\Developer\workspace\Java\Bookface\bookface\src\main\java\uk\ac\bbk\bookface\domain\Book_Roo_Configurable.aj
C:\Users\Developer\workspace\Java\Bookface\bookface\src\main\java\uk\ac\bbk\bookface\web\ApplicationConversionServiceFactoryBean_Roo_ConversionService.aj
C:\Users\Developer\workspace\Java\Bookface\bookface\src\main\java\uk\ac\bbk\bookface\domain\Person_Roo_Configurable.aj
C:\Users\Developer\workspace\Java\Bookface\bookface\src\main\java\uk\ac\bbk\bookface\domain\Author_Roo_Jpa_ActiveRecord.aj
C:\Users\Developer\workspace\Java\Bookface\bookface\src\main\java\uk\ac\bbk\bookface\web\CommentsController_Roo_Controller.aj
C:\Users\Developer\workspace\Java\Bookface\bookface\src\main\java\uk\ac\bbk\bookface\domain\Comments_Roo_ToString.aj
C:\Users\Developer\workspace\Java\Bookface\bookface\src\main\java\uk\ac\bbk\bookface\domain\Comments.java
C:\Users\Developer\workspace\Java\Bookface\bookface\src\main\java\uk\ac\bbk\bookface\domain\Favourites_Roo_Jpa_Entity.aj
C:\Users\Developer\workspace\Java\Bookface\bookface\src\main\java\uk\ac\bbk\bookface\domain\Comments_Roo_Configurable.aj
C:\Users\Developer\workspace\Java\Bookface\bookface\src\main\java\uk\ac\bbk\bookface\web\AuthorController.java
C:\Users\Developer\workspace\Java\Bookface\bookface\src\main\java\uk\ac\bbk\bookface\domain\Favourites_Roo_Jpa_ActiveRecord.aj
C:\Users\Developer\workspace\Java\Bookface\bookface\src\main\java\uk\ac\bbk\bookface\domain\Comments_Roo_Jpa_ActiveRecord.aj
C:\Users\Developer\workspace\Java\Bookface\bookface\src\main\java\uk\ac\bbk\bookface\web\FavouritesController_Roo_Controller.aj
C:\Users\Developer\workspace\Java\Bookface\bookface\src\main\java\uk\ac\bbk\bookface\domain\Author_Roo_JavaBean.aj
C:\Users\Developer\workspace\Java\Bookface\bookface\src\main\java\uk\ac\bbk\bookface\domain\Favourites_Roo_JavaBean.aj
C:\Users\Developer\workspace\Java\Bookface\bookface\src\main\java\uk\ac\bbk\bookface\web\CommentsController.java
C:\Users\Developer\workspace\Java\Bookface\bookface\src\main\java\uk\ac\bbk\bookface\domain\Person_Roo_Jpa_Entity.aj
C:\Users\Developer\workspace\Java\Bookface\bookface\src\main\java\uk\ac\bbk\bookface\domain\Person_Roo_JavaBean.aj
C:\Users\Developer\workspace\Java\Bookface\bookface\src\main\java\uk\ac\bbk\bookface\domain\Author_Roo_Configurable.aj
